<?xml version="1.0" encoding="UTF-8"?>
<testng-results ignored="0" total="1" passed="1" failed="0" skipped="0">
  <reporter-output>
  </reporter-output>
  <suite started-at="2025-11-10T00:45:39 IST" name="Default suite" finished-at="2025-11-10T00:45:39 IST" duration-ms="100">
    <groups>
    </groups>
    <test started-at="2025-11-10T00:45:39 IST" name="Default test" finished-at="2025-11-10T00:45:39 IST" duration-ms="100">
      <class name="Practice.StringTest">
        <test-method signature="reverse()[pri:0, instance:Practice.StringTest@6155d082]" started-at="2025-11-10T00:45:39 IST" name="reverse" finished-at="2025-11-10T00:45:39 IST" duration-ms="20" status="PASS">
          <reporter-output>
          </reporter-output>
        </test-method> <!-- reverse -->
      </class> <!-- Practice.StringTest -->
    </test> <!-- Default test -->
  </suite> <!-- Default suite -->
</testng-results>
